
Sep 27, 2023 09:44:56.96 NEW SESSION
Sep 27, 2023 09:44:57.05 INFO: Created TensorFlow Lite XNNPACK delegate for CPU.
Sep 27, 2023 11:39:20.56 [11520:13192:0927/113920.514:ERROR:connection_factory_impl.cc(471)] ConnectionHandler failed with net error: -2
Sep 27, 2023 12:09:55.12 [11520:13192:0927/120955.051:ERROR:connection_factory_impl.cc(471)] ConnectionHandler failed with net error: -2
Sep 27, 2023 12:29:21.10 [11520:13192:0927/122921.107:ERROR:connection_factory_impl.cc(471)] ConnectionHandler failed with net error: -2
Sep 27, 2023 13:50:20.50 [11520:14752:0927/135020.455:ERROR:device_event_log_impl.cc(225)] [13:50:20.455] USB: usb_service_win.cc:104 SetupDiGetDeviceProperty({{A45C254E-DF1C-4EFD-8020-67D146A850E0}, 6}) failed: Element not found. (0x490)

Oct 06, 2023 10:18:22.53 NEW SESSION
Oct 06, 2023 10:18:22.58 INFO: Created TensorFlow Lite XNNPACK delegate for CPU.
Oct 06, 2023 11:48:50.58 [13916:11364:1006/114850.559:ERROR:connection_factory_impl.cc(471)] ConnectionHandler failed with net error: -2
Oct 06, 2023 12:10:39.73 [13916:11364:1006/121039.710:ERROR:connection_factory_impl.cc(471)] ConnectionHandler failed with net error: -2
Oct 06, 2023 13:25:29.61 [13916:13876:1006/132529.606:ERROR:CONSOLE(337)] "Failed to execute 'postMessage' on 'DOMWindow': The target origin provided ('chrome-untrusted://new-tab-page') does not match the recipient window's origin ('chrome://new-tab-page').", source: chrome://new-tab-page/shared.rollup.js (337)
Oct 06, 2023 13:38:36.98 [13916:11364:1006/133836.973:ERROR:connection_factory_impl.cc(471)] ConnectionHandler failed with net error: -2
Oct 06, 2023 13:41:24.40 [13916:11364:1006/134124.408:ERROR:connection_factory_impl.cc(428)] Failed to connect to MCS endpoint with error -105
Oct 06, 2023 13:50:46.19 [13916:11364:1006/135046.188:ERROR:connection_factory_impl.cc(471)] ConnectionHandler failed with net error: -2
Oct 06, 2023 14:46:05.52 [13916:11364:1006/144605.521:ERROR:connection_factory_impl.cc(471)] ConnectionHandler failed with net error: -2
Oct 06, 2023 16:38:05.63 [13916:11364:1006/163805.501:ERROR:connection_factory_impl.cc(471)] ConnectionHandler failed with net error: -2
Oct 06, 2023 17:04:02.57 [13916:11364:1006/170402.504:ERROR:connection_factory_impl.cc(471)] ConnectionHandler failed with net error: -2
Oct 06, 2023 17:28:18.44 [13916:11364:1006/172818.449:ERROR:connection_factory_impl.cc(471)] ConnectionHandler failed with net error: -2

Oct 13, 2023 18:22:21.75 NEW SESSION
Oct 13, 2023 18:22:23.50 INFO: Created TensorFlow Lite XNNPACK delegate for CPU.
Oct 13, 2023 18:27:45.14 [1520:13384:1013/182745.132:ERROR:connection_factory_impl.cc(471)] ConnectionHandler failed with net error: -2

Oct 20, 2023 10:33:13.76 NEW SESSION
Oct 20, 2023 10:33:13.90 [14084:16156:1020/103313.740:ERROR:connection_factory_impl.cc(471)] ConnectionHandler failed with net error: -2
Oct 20, 2023 10:34:04.54 [14084:16156:1020/103404.540:ERROR:connection_factory_impl.cc(471)] ConnectionHandler failed with net error: -2
Oct 20, 2023 14:51:17.57 [14084:16156:1020/145117.560:ERROR:connection_factory_impl.cc(471)] ConnectionHandler failed with net error: -2
Oct 20, 2023 15:39:38.80 [14084:11444:1020/153938.790:ERROR:CONSOLE(340)] "Failed to execute 'postMessage' on 'DOMWindow': The target origin provided ('chrome-untrusted://new-tab-page') does not match the recipient window's origin ('chrome://new-tab-page').", source: chrome://new-tab-page/shared.rollup.js (340)
Oct 20, 2023 18:01:49.76 [14084:16156:1020/180149.748:ERROR:mcs_client.cc(750)] Received close command, resetting connection.

Oct 24, 2023 10:03:41.44 NEW SESSION
Oct 24, 2023 10:03:41.96 INFO: Created TensorFlow Lite XNNPACK delegate for CPU.
Oct 24, 2023 12:35:13.36 [3620:7896:1024/123513.340:ERROR:connection_factory_impl.cc(471)] ConnectionHandler failed with net error: -2
Oct 24, 2023 14:26:47.20 [3620:7896:1024/142647.124:ERROR:connection_factory_impl.cc(471)] ConnectionHandler failed with net error: -2
Oct 24, 2023 15:10:08.21 [3620:7896:1024/151008.201:ERROR:connection_factory_impl.cc(471)] ConnectionHandler failed with net error: -2
Oct 24, 2023 17:02:26.14 [3620:7896:1024/170226.002:ERROR:connection_factory_impl.cc(471)] ConnectionHandler failed with net error: -2
Oct 24, 2023 17:24:47.63 [3620:7896:1024/172447.615:ERROR:connection_factory_impl.cc(471)] ConnectionHandler failed with net error: -2

Nov 02, 2023 10:20:00.64 NEW SESSION
Nov 02, 2023 10:20:01.59 [9892:14420:1102/102000.377:ERROR:connection_factory_impl.cc(471)] ConnectionHandler failed with net error: -2

Nov 03, 2023 11:00:29.36 NEW SESSION
Nov 03, 2023 11:00:30.42 [12228:6928:1103/110029.068:ERROR:connection_factory_impl.cc(471)] ConnectionHandler failed with net error: -2
Nov 03, 2023 11:29:04.08 [12228:6928:1103/112904.083:ERROR:connection_factory_impl.cc(471)] ConnectionHandler failed with net error: -2

Nov 07, 2023 10:05:49.09 NEW SESSION
Nov 07, 2023 10:05:49.16 [9164:7796:1107/100549.085:ERROR:CONSOLE(355)] "Failed to execute 'postMessage' on 'DOMWindow': The target origin provided ('chrome-untrusted://new-tab-page') does not match the recipient window's origin ('chrome://new-tab-page').", source: chrome://new-tab-page/shared.rollup.js (355)
Nov 07, 2023 10:06:05.28 INFO: Created TensorFlow Lite XNNPACK delegate for CPU.
Nov 07, 2023 11:56:17.45 [9164:17256:1107/115617.451:ERROR:connection_factory_impl.cc(428)] Failed to connect to MCS endpoint with error -106
Nov 07, 2023 11:56:51.14 [9164:17256:1107/115651.140:ERROR:connection_factory_impl.cc(428)] Failed to connect to MCS endpoint with error -106
Nov 07, 2023 11:57:44.71 [9164:17256:1107/115744.715:ERROR:connection_factory_impl.cc(428)] Failed to connect to MCS endpoint with error -106
Nov 07, 2023 11:59:33.75 [9164:17256:1107/115933.749:ERROR:connection_factory_impl.cc(428)] Failed to connect to MCS endpoint with error -106
Nov 07, 2023 12:03:25.21 [9164:17256:1107/120325.193:ERROR:connection_factory_impl.cc(428)] Failed to connect to MCS endpoint with error -106
Nov 07, 2023 12:09:46.57 [9164:17256:1107/120946.575:ERROR:connection_factory_impl.cc(428)] Failed to connect to MCS endpoint with error -106
Nov 07, 2023 12:19:55.75 [9164:17256:1107/121955.745:ERROR:connection_factory_impl.cc(428)] Failed to connect to MCS endpoint with error -106
Nov 07, 2023 12:30:04.90 [9164:17256:1107/123004.902:ERROR:connection_factory_impl.cc(428)] Failed to connect to MCS endpoint with error -106
Nov 07, 2023 12:40:14.07 [9164:17256:1107/124014.045:ERROR:connection_factory_impl.cc(428)] Failed to connect to MCS endpoint with error -106
Nov 07, 2023 12:50:23.29 [9164:17256:1107/125023.280:ERROR:connection_factory_impl.cc(428)] Failed to connect to MCS endpoint with error -106

Nov 10, 2023 11:48:58.53 NEW SESSION
Nov 10, 2023 11:48:59.72 [4128:12576:1110/114858.391:ERROR:connection_factory_impl.cc(471)] ConnectionHandler failed with net error: -2
Nov 10, 2023 12:09:51.86 [4128:12576:1110/120951.853:ERROR:connection_factory_impl.cc(471)] ConnectionHandler failed with net error: -2
Nov 10, 2023 13:14:07.15 [4128:12576:1110/131407.103:ERROR:connection_factory_impl.cc(471)] ConnectionHandler failed with net error: -2
Nov 10, 2023 13:47:57.85 [4128:12576:1110/134757.834:ERROR:connection_factory_impl.cc(428)] Failed to connect to MCS endpoint with error -105
Nov 10, 2023 13:59:11.19 [4128:12576:1110/135911.180:ERROR:connection_factory_impl.cc(471)] ConnectionHandler failed with net error: -2
Nov 10, 2023 14:20:32.72 [4128:12576:1110/142032.695:ERROR:connection_factory_impl.cc(471)] ConnectionHandler failed with net error: -2
Nov 10, 2023 14:30:13.66 [4128:12576:1110/143013.666:ERROR:connection_factory_impl.cc(471)] ConnectionHandler failed with net error: -2
Nov 10, 2023 15:15:19.44 [4128:12576:1110/151519.442:ERROR:connection_factory_impl.cc(471)] ConnectionHandler failed with net error: -2
Nov 10, 2023 15:17:22.35 [4128:12576:1110/151722.343:ERROR:connection_factory_impl.cc(471)] ConnectionHandler failed with net error: -2
Nov 10, 2023 15:51:07.14 [4128:12576:1110/155107.123:ERROR:connection_factory_impl.cc(471)] ConnectionHandler failed with net error: -2
Nov 10, 2023 16:13:20.82 [4128:12576:1110/161320.804:ERROR:connection_factory_impl.cc(471)] ConnectionHandler failed with net error: -2
Nov 10, 2023 16:35:00.72 [4128:12576:1110/163500.525:ERROR:connection_factory_impl.cc(471)] ConnectionHandler failed with net error: -2

Nov 17, 2023 12:10:18.61 NEW SESSION
Nov 17, 2023 12:10:19.28 [11288:17184:1117/121018.547:ERROR:connection_factory_impl.cc(471)] ConnectionHandler failed with net error: -2
Nov 17, 2023 13:14:52.54 [11288:17184:1117/131452.540:ERROR:connection_factory_impl.cc(471)] ConnectionHandler failed with net error: -2
Nov 17, 2023 13:28:34.74 [11288:12296:1117/132834.734:ERROR:device_event_log_impl.cc(192)] [13:28:34.731] USB: usb_service_win.cc:104 SetupDiGetDeviceProperty({{A45C254E-DF1C-4EFD-8020-67D146A850E0}, 6}) failed: Element not found. (0x490)
Nov 17, 2023 13:28:34.74 [11288:12296:1117/132834.748:ERROR:device_event_log_impl.cc(192)] [13:28:34.745] USB: usb_service_win.cc:307 SetupDiEnumDeviceInterfaces: No more data is available. (0x103)
Nov 17, 2023 13:44:40.72 [11288:17184:1117/134440.707:ERROR:connection_factory_impl.cc(471)] ConnectionHandler failed with net error: -2
Nov 17, 2023 14:12:17.25 [11288:17184:1117/141217.251:ERROR:connection_factory_impl.cc(471)] ConnectionHandler failed with net error: -2
Nov 17, 2023 14:12:42.87 [11288:17184:1117/141242.869:ERROR:connection_factory_impl.cc(471)] ConnectionHandler failed with net error: -2
Nov 17, 2023 14:48:31.49 [11288:17184:1117/144831.497:ERROR:connection_factory_impl.cc(471)] ConnectionHandler failed with net error: -2
Nov 17, 2023 14:48:32.06 [11288:17184:1117/144832.061:ERROR:connection_factory_impl.cc(428)] Failed to connect to MCS endpoint with error -105
Nov 17, 2023 15:00:27.96 [11288:17184:1117/150027.959:ERROR:connection_factory_impl.cc(471)] ConnectionHandler failed with net error: -2
Nov 17, 2023 15:37:53.90 [11288:8184:1117/153753.821:ERROR:get_updates_processor.cc(263)] PostClientToServerMessage() failed during GetUpdates with error Network error (ERR_ABORTED)
Nov 17, 2023 15:37:54.58 [11288:12296:1117/153754.589:ERROR:sharing_service.cc(250)] Device un-registration failed with fatal error
Nov 17, 2023 16:02:13.44 [11288:17184:1117/160213.386:ERROR:connection_factory_impl.cc(471)] ConnectionHandler failed with net error: -2
Nov 17, 2023 16:33:09.04 [11288:12296:1117/163309.016:ERROR:device_event_log_impl.cc(192)] [16:33:09.016] USB: usb_service_win.cc:104 SetupDiGetDeviceProperty({{A45C254E-DF1C-4EFD-8020-67D146A850E0}, 6}) failed: Element not found. (0x490)
Nov 17, 2023 16:33:09.07 [11288:12296:1117/163309.049:ERROR:device_event_log_impl.cc(192)] [16:33:09.049] USB: usb_service_win.cc:307 SetupDiEnumDeviceInterfaces: No more data is available. (0x103)
Nov 17, 2023 16:45:49.79 [11288:17184:1117/164549.786:ERROR:connection_factory_impl.cc(471)] ConnectionHandler failed with net error: -2
Nov 17, 2023 17:10:07.59 [11288:17184:1117/171007.591:ERROR:connection_factory_impl.cc(471)] ConnectionHandler failed with net error: -2

Nov 20, 2023 10:16:32.41 NEW SESSION
Nov 20, 2023 10:16:32.68 [9508:8660:1120/101631.176:ERROR:page_load_metrics_update_dispatcher.cc(179)] Invalid first_paint 0.523 s for first_image_paint 0.513 s
Nov 20, 2023 10:16:32.68 [9508:8660:1120/101631.742:ERROR:page_load_metrics_update_dispatcher.cc(179)] Invalid first_paint 0.523 s for first_image_paint 0.513 s
Nov 20, 2023 10:16:32.68 [9508:8660:1120/101632.342:ERROR:page_load_metrics_update_dispatcher.cc(179)] Invalid first_paint 0.523 s for first_image_paint 0.513 s
Nov 20, 2023 10:16:32.68 [9508:8660:1120/101632.627:ERROR:page_load_metrics_update_dispatcher.cc(179)] Invalid first_paint 0.523 s for first_image_paint 0.513 s
Nov 20, 2023 10:16:32.74 [9508:8660:1120/101632.743:ERROR:page_load_metrics_update_dispatcher.cc(179)] Invalid first_paint 0.523 s for first_image_paint 0.513 s
Nov 20, 2023 10:16:32.86 [9508:8660:1120/101632.861:ERROR:page_load_metrics_update_dispatcher.cc(179)] Invalid first_paint 0.523 s for first_image_paint 0.513 s
Nov 20, 2023 10:16:33.19 [9508:8660:1120/101633.191:ERROR:page_load_metrics_update_dispatcher.cc(179)] Invalid first_paint 0.523 s for first_image_paint 0.513 s
Nov 20, 2023 10:16:33.29 [9508:8660:1120/101633.292:ERROR:page_load_metrics_update_dispatcher.cc(179)] Invalid first_paint 0.523 s for first_image_paint 0.513 s
Nov 20, 2023 10:16:33.82 [9508:8660:1120/101633.827:ERROR:page_load_metrics_update_dispatcher.cc(179)] Invalid first_paint 0.523 s for first_image_paint 0.513 s
Nov 20, 2023 10:16:33.94 [9508:8660:1120/101633.943:ERROR:page_load_metrics_update_dispatcher.cc(179)] Invalid first_paint 0.523 s for first_image_paint 0.513 s
Nov 20, 2023 10:16:34.04 [9508:8660:1120/101634.044:ERROR:page_load_metrics_update_dispatcher.cc(179)] Invalid first_paint 0.523 s for first_image_paint 0.513 s
Nov 20, 2023 10:16:34.20 [9508:8660:1120/101634.200:ERROR:page_load_metrics_update_dispatcher.cc(179)] Invalid first_paint 0.523 s for first_image_paint 0.513 s
Nov 20, 2023 10:16:34.31 [9508:8660:1120/101634.310:ERROR:page_load_metrics_update_dispatcher.cc(179)] Invalid first_paint 0.523 s for first_image_paint 0.513 s
Nov 20, 2023 10:16:34.54 [9508:8660:1120/101634.543:ERROR:page_load_metrics_update_dispatcher.cc(179)] Invalid first_paint 0.523 s for first_image_paint 0.513 s
Nov 20, 2023 10:16:34.64 [9508:8660:1120/101634.644:ERROR:page_load_metrics_update_dispatcher.cc(179)] Invalid first_paint 0.523 s for first_image_paint 0.513 s
Nov 20, 2023 11:36:03.46 [9508:8660:1120/113603.453:ERROR:sharing_service.cc(250)] Device un-registration failed with fatal error
Nov 20, 2023 11:40:34.86 [9508:8660:1120/114034.860:ERROR:device_event_log_impl.cc(192)] [11:40:34.852] USB: usb_service_win.cc:104 SetupDiGetDeviceProperty({{A45C254E-DF1C-4EFD-8020-67D146A850E0}, 6}) failed: Element not found. (0x490)
Nov 20, 2023 11:40:35.70 [9508:8660:1120/114035.708:ERROR:device_event_log_impl.cc(192)] [11:40:35.702] USB: usb_service_win.cc:104 SetupDiGetDeviceProperty({{A45C254E-DF1C-4EFD-8020-67D146A850E0}, 6}) failed: Element not found. (0x490)
Nov 20, 2023 12:01:51.01 [9508:11184:1120/120151.003:ERROR:connection_factory_impl.cc(471)] ConnectionHandler failed with net error: -2
Nov 20, 2023 12:41:42.96 [9508:11184:1120/124142.932:ERROR:connection_factory_impl.cc(471)] ConnectionHandler failed with net error: -2
Nov 20, 2023 13:28:18.12 [9508:11184:1120/132818.107:ERROR:connection_factory_impl.cc(471)] ConnectionHandler failed with net error: -2
Nov 20, 2023 14:07:59.57 [9508:11184:1120/140759.570:ERROR:connection_handler_impl.cc(472)] Timed out waiting for GCM Protocol buffer.
Nov 20, 2023 14:07:59.57 [9508:11184:1120/140759.570:ERROR:connection_factory_impl.cc(471)] ConnectionHandler failed with net error: -7
Nov 20, 2023 14:29:21.75 [9508:11184:1120/142921.746:ERROR:connection_factory_impl.cc(471)] ConnectionHandler failed with net error: -2
Nov 20, 2023 14:56:18.88 [9508:11184:1120/145618.880:ERROR:connection_factory_impl.cc(471)] ConnectionHandler failed with net error: -2
Nov 20, 2023 16:26:40.62 [9508:11184:1120/162640.605:ERROR:connection_factory_impl.cc(471)] ConnectionHandler failed with net error: -2

Nov 24, 2023 10:30:23.89 NEW SESSION
Nov 24, 2023 10:31:45.59 [6716:17788:1124/103023.501:ERROR:connection_factory_impl.cc(471)] ConnectionHandler failed with net error: -2
Nov 24, 2023 12:01:16.47 [6716:17788:1124/120116.412:ERROR:connection_factory_impl.cc(471)] ConnectionHandler failed with net error: -2
Nov 24, 2023 12:11:10.16 [6716:4440:1124/121110.153:ERROR:device_event_log_impl.cc(192)] [12:11:10.153] USB: usb_service_win.cc:104 SetupDiGetDeviceProperty({{A45C254E-DF1C-4EFD-8020-67D146A850E0}, 6}) failed: Element not found. (0x490)
Nov 24, 2023 12:11:10.17 [6716:4440:1124/121110.170:ERROR:device_event_log_impl.cc(192)] [12:11:10.170] USB: usb_service_win.cc:307 SetupDiEnumDeviceInterfaces: No more data is available. (0x103)
Nov 24, 2023 12:31:29.60 [6716:17788:1124/123129.599:ERROR:connection_factory_impl.cc(428)] Failed to connect to MCS endpoint with error -106
Nov 24, 2023 12:31:50.13 [6716:17788:1124/123150.137:ERROR:connection_factory_impl.cc(428)] Failed to connect to MCS endpoint with error -105
Nov 24, 2023 12:31:52.15 [6716:17788:1124/123152.150:ERROR:connection_factory_impl.cc(428)] Failed to connect to MCS endpoint with error -106
Nov 24, 2023 12:37:10.72 [6716:17788:1124/123710.704:ERROR:connection_factory_impl.cc(471)] ConnectionHandler failed with net error: -2
Nov 24, 2023 12:41:37.27 [6716:17788:1124/124137.269:ERROR:connection_factory_impl.cc(428)] Failed to connect to MCS endpoint with error -105
Nov 24, 2023 12:42:00.57 [6716:17788:1124/124200.572:ERROR:connection_factory_impl.cc(428)] Failed to connect to MCS endpoint with error -106
Nov 24, 2023 12:42:45.04 [6716:17788:1124/124244.888:ERROR:connection_factory_impl.cc(428)] Failed to connect to MCS endpoint with error -106
Nov 24, 2023 13:29:23.06 [6716:17788:1124/132923.057:ERROR:mcs_client.cc(750)] Received close command, resetting connection.
Nov 24, 2023 13:36:43.02 [6716:17788:1124/133643.025:ERROR:connection_factory_impl.cc(471)] ConnectionHandler failed with net error: -2
Nov 24, 2023 14:55:20.74 [6716:17788:1124/145520.370:ERROR:connection_factory_impl.cc(471)] ConnectionHandler failed with net error: -2
Nov 24, 2023 14:55:20.95 [6716:17788:1124/145520.930:ERROR:connection_factory_impl.cc(428)] Failed to connect to MCS endpoint with error -105
Nov 24, 2023 14:55:23.34 [6716:17788:1124/145523.338:ERROR:connection_factory_impl.cc(428)] Failed to connect to MCS endpoint with error -105
Nov 24, 2023 18:52:58.21 [6716:17788:1124/185258.207:ERROR:connection_factory_impl.cc(471)] ConnectionHandler failed with net error: -2

Nov 27, 2023 09:55:00.87 NEW SESSION
Nov 27, 2023 09:55:01.19 [15144:11000:1127/095500.747:ERROR:CONSOLE(355)] "Failed to execute 'postMessage' on 'DOMWindow': The target origin provided ('chrome-untrusted://new-tab-page') does not match the recipient window's origin ('chrome://new-tab-page').", source: chrome://new-tab-page/shared.rollup.js (355)
Nov 27, 2023 10:16:30.88 [15144:11000:1127/101630.823:ERROR:interface_endpoint_client.cc(702)] Message 0 rejected by interface blink.mojom.WidgetHost
Nov 27, 2023 12:12:03.47 [15144:8520:1127/121203.434:ERROR:connection_factory_impl.cc(471)] ConnectionHandler failed with net error: -2
Nov 27, 2023 12:30:17.94 [15144:8520:1127/123017.943:ERROR:connection_factory_impl.cc(471)] ConnectionHandler failed with net error: -2
Nov 27, 2023 13:12:16.04 [15144:8520:1127/131216.007:ERROR:connection_factory_impl.cc(471)] ConnectionHandler failed with net error: -2
Nov 27, 2023 13:34:12.62 [15144:8520:1127/133412.619:ERROR:connection_factory_impl.cc(471)] ConnectionHandler failed with net error: -2
Nov 27, 2023 13:34:14.28 [15144:8520:1127/133414.285:ERROR:connection_factory_impl.cc(428)] Failed to connect to MCS endpoint with error -105
Nov 27, 2023 13:43:25.46 [15144:8520:1127/134325.446:ERROR:connection_factory_impl.cc(471)] ConnectionHandler failed with net error: -2
Nov 27, 2023 14:11:32.71 [15144:13652:1127/141132.698:ERROR:get_updates_processor.cc(263)] PostClientToServerMessage() failed during GetUpdates with error Network error (ERR_NAME_NOT_RESOLVED)
Nov 27, 2023 14:11:32.95 [15144:8520:1127/141132.957:ERROR:connection_factory_impl.cc(471)] ConnectionHandler failed with net error: -2
Nov 27, 2023 14:28:55.37 [15144:8520:1127/142855.344:ERROR:connection_factory_impl.cc(471)] ConnectionHandler failed with net error: -2
Nov 27, 2023 17:19:06.75 [15144:11000:1127/171906.745:ERROR:device_event_log_impl.cc(192)] [17:19:06.743] USB: usb_service_win.cc:104 SetupDiGetDeviceProperty({{A45C254E-DF1C-4EFD-8020-67D146A850E0}, 6}) failed: Element not found. (0x490)
Nov 27, 2023 17:19:06.77 [15144:11000:1127/171906.774:ERROR:device_event_log_impl.cc(192)] [17:19:06.774] USB: usb_service_win.cc:307 SetupDiEnumDeviceInterfaces: No more data is available. (0x103)
Nov 27, 2023 18:07:55.39 [15144:11000:1127/180755.278:ERROR:web_contents_delegate.cc(246)] WebContentsDelegate::CheckMediaAccessPermission: Not supported.
Nov 27, 2023 18:07:55.48 [15144:11000:1127/180755.278:ERROR:web_contents_delegate.cc(246)] WebContentsDelegate::CheckMediaAccessPermission: Not supported.
Nov 27, 2023 18:08:15.32 [15144:11000:1127/180815.322:ERROR:web_contents_delegate.cc(246)] WebContentsDelegate::CheckMediaAccessPermission: Not supported.
Nov 27, 2023 18:08:15.32 [15144:11000:1127/180815.322:ERROR:web_contents_delegate.cc(246)] WebContentsDelegate::CheckMediaAccessPermission: Not supported.
Nov 27, 2023 18:25:16.56 [15144:8520:1127/182516.531:ERROR:connection_factory_impl.cc(471)] ConnectionHandler failed with net error: -2

Nov 29, 2023 10:12:32.13 NEW SESSION
Nov 29, 2023 10:12:32.22 INFO: Created TensorFlow Lite XNNPACK delegate for CPU.
Nov 29, 2023 10:33:30.75 [19244:2344:1129/103330.693:ERROR:sharing_service.cc(250)] Device un-registration failed with fatal error
Nov 29, 2023 10:50:04.21 [19244:10200:1129/105004.191:ERROR:connection_factory_impl.cc(428)] Failed to connect to MCS endpoint with error -106
Nov 29, 2023 10:54:36.38 [19244:10200:1129/105436.366:ERROR:connection_factory_impl.cc(428)] Failed to connect to MCS endpoint with error -106
Nov 29, 2023 11:20:52.49 [19244:10200:1129/112052.466:ERROR:connection_factory_impl.cc(471)] ConnectionHandler failed with net error: -2
Nov 29, 2023 11:34:03.40 [19244:10200:1129/113403.394:ERROR:connection_factory_impl.cc(471)] ConnectionHandler failed with net error: -2

Dec 08, 2023 11:07:12.65 NEW SESSION
Dec 08, 2023 11:14:24.63 [14768:3564:1208/110712.447:ERROR:connection_factory_impl.cc(471)] ConnectionHandler failed with net error: -2
Dec 08, 2023 11:14:24.92 [14768:3564:1208/111424.914:ERROR:connection_factory_impl.cc(428)] Failed to connect to MCS endpoint with error -7
Dec 08, 2023 11:14:27.77 [14768:3564:1208/111427.770:ERROR:connection_factory_impl.cc(471)] ConnectionHandler failed with net error: -2
Dec 08, 2023 11:39:54.37 [14768:3564:1208/113954.377:ERROR:connection_factory_impl.cc(471)] ConnectionHandler failed with net error: -2
Dec 08, 2023 12:09:58.23 [14768:18960:1208/120958.226:ERROR:CONSOLE(355)] "Failed to execute 'postMessage' on 'DOMWindow': The target origin provided ('chrome-untrusted://new-tab-page') does not match the recipient window's origin ('chrome://new-tab-page').", source: chrome://new-tab-page/shared.rollup.js (355)
Dec 08, 2023 13:28:35.22 [14768:3564:1208/132835.205:ERROR:connection_factory_impl.cc(471)] ConnectionHandler failed with net error: -2
Dec 08, 2023 14:39:43.78 [14768:12972:1208/143943.784:ERROR:get_updates_processor.cc(263)] PostClientToServerMessage() failed during GetUpdates with error Network error (ERR_NETWORK_IO_SUSPENDED)
Dec 08, 2023 14:39:44.60 [14768:3564:1208/143944.606:ERROR:connection_factory_impl.cc(471)] ConnectionHandler failed with net error: -2
Dec 08, 2023 16:13:58.89 [14768:3564:1208/161358.880:ERROR:connection_factory_impl.cc(471)] ConnectionHandler failed with net error: -2
Dec 08, 2023 17:33:01.33 [14768:3564:1208/173301.287:ERROR:connection_factory_impl.cc(471)] ConnectionHandler failed with net error: -2

Dec 11, 2023 14:27:36.33 NEW SESSION
Dec 11, 2023 14:27:36.46 [15940:3464:1211/142736.319:ERROR:connection_factory_impl.cc(471)] ConnectionHandler failed with net error: -2
